<?xml version="1.0" encoding="UTF-8"?>
<!-- Generated by org.testng.reporters.JUnitReportReporter -->
<testsuite ignored="0" hostname="DESKTOP-OSBJ7UV" failures="0" tests="1" name="test.Login" time="16.909" errors="0" timestamp="23 Aug 2021 09:54:34 GMT" skipped="0">
  <testcase classname="test.Login" name="login" time="16.909"/>
</testsuite> <!-- test.Login -->
